2019-04-17 08:41:54,380 [1] ERROR EPiServer.Framework.Initialization.InitializationEngine: Initialize action failed for 'Initialize on class EPiServer.Initialization.Internal.ModelSyncInitialization, EPiServer, Version=11.11.1.0, Culture=neutral, PublicKeyToken=8fe83dea738b45b7'
EPiServer.Core.TypeMismatchException: The backing type 'MadeToEngageTasks.Helpers.EventStatus' attributed to the property 'EvtStatus' on 'EventPage' does not inherit PropertyData.
   at EPiServer.DataAbstraction.RuntimeModel.Internal.ContentDataAttributeScanningAssigner.AssignValuesToPropertyDefinition(PropertyDefinitionModel propertyDefinitionModel, PropertyInfo property, ContentTypeModel parentModel)
   at EPiServer.DataAbstraction.RuntimeModel.Internal.ContentTypeModelScanner.AssignValuesToProperties(ContentTypeModel modelType)
   at EPiServer.DataAbstraction.RuntimeModel.Internal.ContentTypeModelScanner.AddModel(Type type)
   at EPiServer.DataAbstraction.RuntimeModel.Internal.ContentTypeModelScanner.RegisterModels()
   at EPiServer.Initialization.Internal.ModelSyncInitialization.Initialize(InitializationEngine context)
   at EPiServer.Framework.Initialization.Internal.ModuleNode.<>c__DisplayClass2_0.<Initialize>b__0()
   at EPiServer.Framework.Initialization.Internal.ModuleNode.Execute(Action a, String key)
   at EPiServer.Framework.Initialization.Internal.ModuleNode.Initialize(InitializationEngine context)
   at EPiServer.Framework.Initialization.InitializationEngine.InitializeModules()
EPiServer.Core.TypeMismatchException: The backing type 'MadeToEngageTasks.Helpers.EventStatus' attributed to the property 'EvtStatus' on 'EventPage' does not inherit PropertyData.
   at EPiServer.DataAbstraction.RuntimeModel.Internal.ContentDataAttributeScanningAssigner.AssignValuesToPropertyDefinition(PropertyDefinitionModel propertyDefinitionModel, PropertyInfo property, ContentTypeModel parentModel)
   at EPiServer.DataAbstraction.RuntimeModel.Internal.ContentTypeModelScanner.AssignValuesToProperties(ContentTypeModel modelType)
   at EPiServer.DataAbstraction.RuntimeModel.Internal.ContentTypeModelScanner.AddModel(Type type)
   at EPiServer.DataAbstraction.RuntimeModel.Internal.ContentTypeModelScanner.RegisterModels()
   at EPiServer.Initialization.Internal.ModelSyncInitialization.Initialize(InitializationEngine context)
   at EPiServer.Framework.Initialization.Internal.ModuleNode.<>c__DisplayClass2_0.<Initialize>b__0()
   at EPiServer.Framework.Initialization.Internal.ModuleNode.Execute(Action a, String key)
   at EPiServer.Framework.Initialization.Internal.ModuleNode.Initialize(InitializationEngine context)
   at EPiServer.Framework.Initialization.InitializationEngine.InitializeModules()
